Connecting to database specified by database.yml
Connecting to database specified by database.yml


Started GET "/" for 127.0.0.1 at 2013-02-18 15:26:17 +0200
Processing by HomeController#index as HTML
  Rendered home/index.html.erb within layouts/application (79.4ms)
Completed 500 Internal Server Error in 170ms

ActionView::Template::Error (application.css isn't precompiled):
    2: <html>
    3: <head>
    4:   <title>RailsApplication1</title>
    5:   <%= stylesheet_link_tag "application", :media => "all" %>
    6:   <%= javascript_include_tag "application" %>
    7:   <%= csrf_meta_tags %>
    8: </head>
  app/views/layouts/application.html.erb:5:in `_app_views_layouts_application_html_erb__1644005627468980652_70354200929220'




Started GET "/decks/" for 127.0.0.1 at 2013-02-18 15:26:24 +0200
Processing by DecksController#index as HTML
Completed 500 Internal Server Error in 87ms

ActiveRecord::StatementInvalid (Could not find table 'decks'):
  app/controllers/decks_controller.rb:7:in `index'




Started GET "/decks" for 127.0.0.1 at 2013-02-18 15:26:32 +0200
Processing by DecksController#index as HTML
Completed 500 Internal Server Error in 1ms

ActiveRecord::StatementInvalid (Could not find table 'decks'):
  app/controllers/decks_controller.rb:7:in `index'


Connecting to database specified by database.yml


Started GET "/games" for 127.0.0.1 at 2013-02-18 15:34:25 +0200
Processing by GamesController#index as HTML
Completed 500 Internal Server Error in 84ms

ActiveRecord::StatementInvalid (Could not find table 'games'):
  app/controllers/games_controller.rb:6:in `index'


Connecting to database specified by database.yml


Started GET "/games" for 127.0.0.1 at 2013-02-18 16:00:35 +0200
Processing by GamesController#index as HTML
Completed 500 Internal Server Error in 104ms

ActiveRecord::StatementInvalid (Could not find table 'games'):
  app/controllers/games_controller.rb:6:in `index'


Connecting to database specified by database.yml
Connecting to database specified by database.yml


Started GET "/games" for 127.0.0.1 at 2013-02-18 16:02:04 +0200
Processing by GamesController#index as HTML
  Rendered games/index.html.erb within layouts/application (10.1ms)
Completed 500 Internal Server Error in 176ms

ActionView::Template::Error (application.css isn't precompiled):
    2: <html>
    3: <head>
    4:   <title>RailsApplication1</title>
    5:   <%= stylesheet_link_tag "application", :media => "all" %>
    6:   <%= javascript_include_tag "application" %>
    7:   <%= csrf_meta_tags %>
    8: </head>
  app/views/layouts/application.html.erb:5:in `_app_views_layouts_application_html_erb___3535273687976745090_70191133969300'
  app/controllers/games_controller.rb:8:in `index'


Compiled jquery.js  (3ms)  (pid 16821)
Compiled jquery_ujs.js  (0ms)  (pid 16821)
Compiled cards.js  (587ms)  (pid 16821)
Compiled decks.js  (142ms)  (pid 16821)
Compiled games.js  (104ms)  (pid 16821)
Compiled home.js  (200ms)  (pid 16821)
Compiled nested_form.js  (0ms)  (pid 16821)
Compiled players.js  (115ms)  (pid 16821)
Compiled application.js  (1433ms)  (pid 16821)
Compiled cards.css  (112ms)  (pid 16821)
Compiled decks.css  (2ms)  (pid 16821)
Compiled games.css  (2ms)  (pid 16821)
Compiled home.css  (5ms)  (pid 16821)
Compiled players.css  (2ms)  (pid 16821)
Compiled scaffolds.css  (42ms)  (pid 16821)
Compiled application.css  (360ms)  (pid 16821)
Compiled jquery.js  (3ms)  (pid 16821)
Compiled jquery_ujs.js  (0ms)  (pid 16821)
Compiled cards.js  (793ms)  (pid 16821)
Compiled decks.js  (163ms)  (pid 16821)
Compiled games.js  (161ms)  (pid 16821)
Compiled home.js  (138ms)  (pid 16821)
Compiled nested_form.js  (1ms)  (pid 16821)
Compiled players.js  (139ms)  (pid 16821)
Compiled application.js  (1702ms)  (pid 16821)
Compiled cards.css  (64ms)  (pid 16821)
Compiled decks.css  (12ms)  (pid 16821)
Compiled games.css  (2ms)  (pid 16821)
Compiled home.css  (2ms)  (pid 16821)
Compiled players.css  (4ms)  (pid 16821)
Compiled scaffolds.css  (26ms)  (pid 16821)
Compiled application.css  (334ms)  (pid 16821)
Connecting to database specified by database.yml


Started GET "/games" for 127.0.0.1 at 2013-02-18 16:07:41 +0200
Processing by GamesController#index as HTML
  Rendered games/index.html.erb within layouts/application (7.9ms)
Completed 200 OK in 291ms (Views: 92.0ms | ActiveRecord: 54.5ms)


Started GET "/assets/application-3c9de844c270a7d8bc32c9e7e7684900.css" for 127.0.0.1 at 2013-02-18 16:07:41 +0200
Served asset /application-3c9de844c270a7d8bc32c9e7e7684900.css - 200 OK (14ms)


Started GET "/assets/application-9d3d083ec2d7d06a827747501b2e4e45.js" for 127.0.0.1 at 2013-02-18 16:07:41 +0200
Served asset /application-9d3d083ec2d7d06a827747501b2e4e45.js - 200 OK (44ms)


Started GET "/games/new" for 127.0.0.1 at 2013-02-18 16:07:46 +0200
Processing by GamesController#new as HTML
  Rendered games/_players_fields.html.erb (2.1ms)
  Rendered games/_players_fields.html.erb (1.2ms)
  Rendered games/_form.html.erb (430.6ms)
  Rendered games/new.html.erb within layouts/application (470.9ms)
Completed 200 OK in 641ms (Views: 498.9ms | ActiveRecord: 0.9ms)


Started GET "/assets/nested_form-547752e912b97014d333f9db1f6a757b.js" for 127.0.0.1 at 2013-02-18 16:07:47 +0200
Served asset /nested_form-547752e912b97014d333f9db1f6a757b.js - 200 OK (0ms)


Started GET "/assets/defaults.js" for 127.0.0.1 at 2013-02-18 16:07:47 +0200
Served asset /defaults.js - 404 Not Found (6ms)

ActionController::RoutingError (No route matches [GET] "/assets/defaults.js"):
  actionpack (3.2.8) lib/action_dispatch/middleware/debug_exceptions.rb:21:in `call'
  actionpack (3.2.8) lib/action_dispatch/middleware/show_exceptions.rb:56:in `call'
  railties (3.2.8) lib/rails/rack/logger.rb:26:in `call_app'
  railties (3.2.8) lib/rails/rack/logger.rb:16:in `call'
  actionpack (3.2.8) lib/action_dispatch/middleware/request_id.rb:22:in `call'
  rack (1.4.5) lib/rack/methodoverride.rb:21:in `call'
  rack (1.4.5) lib/rack/runtime.rb:17:in `call'
  activesupport (3.2.8) lib/active_support/cache/strategy/local_cache.rb:72:in `call'
  rack (1.4.5) lib/rack/lock.rb:15:in `call'
  rack-cache (1.2) lib/rack/cache/context.rb:136:in `forward'
  rack-cache (1.2) lib/rack/cache/context.rb:245:in `fetch'
  rack-cache (1.2) lib/rack/cache/context.rb:185:in `lookup'
  rack-cache (1.2) lib/rack/cache/context.rb:66:in `call!'
  rack-cache (1.2) lib/rack/cache/context.rb:51:in `call'
  railties (3.2.8) lib/rails/engine.rb:479:in `call'
  railties (3.2.8) lib/rails/application.rb:223:in `call'
  rack (1.4.5) lib/rack/content_length.rb:14:in `call'
  railties (3.2.8) lib/rails/rack/log_tailer.rb:17:in `call'
  rack (1.4.5) lib/rack/handler/webrick.rb:59:in `service'
  /Users/mac/.rvm/rubies/ruby-1.9.3-p194/lib/ruby/1.9.1/webrick/httpserver.rb:138:in `service'
  /Users/mac/.rvm/rubies/ruby-1.9.3-p194/lib/ruby/1.9.1/webrick/httpserver.rb:94:in `run'
  /Users/mac/.rvm/rubies/ruby-1.9.3-p194/lib/ruby/1.9.1/webrick/server.rb:191:in `block in start_thread'




Started POST "/games" for 127.0.0.1 at 2013-02-18 16:07:52 +0200
Processing by GamesController#create as HTML
  Parameters: {"utf8"=>"✓", "authenticity_token"=>"NJwzNc8m+Fw/yQKWs4wg4lreAxbzd9kXJUYqpBAXnTg=", "game"=>{"name"=>"Carol Game", "players_attributes"=>{"0"=>{"name"=>"Carol", "_destroy"=>"false"}}}, "button"=>""}
Redirected to http://localhost:3000/games/1
Completed 302 Found in 175ms (ActiveRecord: 148.0ms)


Started GET "/games/1" for 127.0.0.1 at 2013-02-18 16:07:52 +0200
Processing by GamesController#show as HTML
  Parameters: {"id"=>"1"}
  Rendered games/show.html.erb within layouts/application (6.7ms)
Completed 200 OK in 46ms (Views: 31.7ms | ActiveRecord: 0.9ms)


Started GET "/games" for 127.0.0.1 at 2013-02-18 16:07:54 +0200
Processing by GamesController#index as HTML
  Rendered games/index.html.erb within layouts/application (6.2ms)
Completed 200 OK in 18ms (Views: 8.9ms | ActiveRecord: 0.5ms)


Started GET "/decks/" for 127.0.0.1 at 2013-02-18 16:08:09 +0200
Processing by DecksController#index as HTML
  Rendered decks/index.html.erb within layouts/application (2.6ms)
Completed 200 OK in 31ms (Views: 20.4ms | ActiveRecord: 7.4ms)


Started GET "/decks/new" for 127.0.0.1 at 2013-02-18 16:08:11 +0200
Processing by DecksController#new as HTML
  Rendered decks/_cards_fields.html.erb (2.2ms)
  Rendered decks/_cards_fields.html.erb (46.6ms)
  Rendered decks/_cards_fields.html.erb (1.4ms)
  Rendered decks/_cards_fields.html.erb (1.6ms)
  Rendered decks/_cards_fields.html.erb (2.7ms)
  Rendered decks/_cards_fields.html.erb (2.8ms)
  Rendered decks/_cards_fields.html.erb (1.3ms)
  Rendered decks/_cards_fields.html.erb (1.4ms)
  Rendered decks/_cards_fields.html.erb (4.6ms)
  Rendered decks/_cards_fields.html.erb (0.8ms)
  Rendered decks/_cards_fields.html.erb (0.8ms)
  Rendered decks/_cards_fields.html.erb (0.8ms)
  Rendered decks/_cards_fields.html.erb (1.7ms)
  Rendered decks/_cards_fields.html.erb (1.3ms)
  Rendered decks/_cards_fields.html.erb (1.6ms)
  Rendered decks/_cards_fields.html.erb (1.3ms)
  Rendered decks/_cards_fields.html.erb (0.9ms)
  Rendered decks/_cards_fields.html.erb (0.9ms)
  Rendered decks/_cards_fields.html.erb (0.9ms)
  Rendered decks/_cards_fields.html.erb (0.8ms)
  Rendered decks/_cards_fields.html.erb (0.7ms)
  Rendered decks/_cards_fields.html.erb (0.8ms)
  Rendered decks/_cards_fields.html.erb (2.6ms)
  Rendered decks/_cards_fields.html.erb (1.6ms)
  Rendered decks/_cards_fields.html.erb (2.8ms)
  Rendered decks/_cards_fields.html.erb (0.9ms)
  Rendered decks/_cards_fields.html.erb (0.9ms)
  Rendered decks/_cards_fields.html.erb (1.2ms)
  Rendered decks/_cards_fields.html.erb (5.0ms)
  Rendered decks/_cards_fields.html.erb (1.1ms)
  Rendered decks/_cards_fields.html.erb (1.7ms)
  Rendered decks/_cards_fields.html.erb (1.4ms)
  Rendered decks/_cards_fields.html.erb (0.9ms)
  Rendered decks/_cards_fields.html.erb (0.8ms)
  Rendered decks/_cards_fields.html.erb (12.2ms)
  Rendered decks/_cards_fields.html.erb (1.0ms)
  Rendered decks/_cards_fields.html.erb (0.8ms)
  Rendered decks/_cards_fields.html.erb (1.0ms)
  Rendered decks/_cards_fields.html.erb (2.4ms)
  Rendered decks/_cards_fields.html.erb (0.8ms)
  Rendered decks/_cards_fields.html.erb (0.9ms)
  Rendered decks/_cards_fields.html.erb (0.8ms)
  Rendered decks/_cards_fields.html.erb (0.8ms)
  Rendered decks/_cards_fields.html.erb (4.1ms)
  Rendered decks/_cards_fields.html.erb (3.5ms)
  Rendered decks/_cards_fields.html.erb (3.6ms)
  Rendered decks/_cards_fields.html.erb (1.6ms)
  Rendered decks/_cards_fields.html.erb (1.3ms)
  Rendered decks/_cards_fields.html.erb (1.1ms)
  Rendered decks/_cards_fields.html.erb (1.4ms)
  Rendered decks/_cards_fields.html.erb (2.8ms)
  Rendered decks/_cards_fields.html.erb (6.3ms)
  Rendered decks/new.html.erb within layouts/application (243.2ms)
Completed 200 OK in 309ms (Views: 259.1ms | ActiveRecord: 0.4ms)


Started POST "/decks" for 127.0.0.1 at 2013-02-18 16:08:14 +0200
Processing by DecksController#create as HTML
  Parameters: {"utf8"=>"✓", "authenticity_token"=>"NJwzNc8m+Fw/yQKWs4wg4lreAxbzd9kXJUYqpBAXnTg=", "deck"=>{"cards_attributes"=>{"0"=>{"suit"=>"Spade", "value"=>"2"}, "1"=>{"suit"=>"Heart", "value"=>"3"}, "2"=>{"suit"=>"Club", "value"=>"4"}, "3"=>{"suit"=>"Diamond", "value"=>"5"}, "4"=>{"suit"=>"Spade", "value"=>"6"}, "5"=>{"suit"=>"Heart", "value"=>"7"}, "6"=>{"suit"=>"Club", "value"=>"8"}, "7"=>{"suit"=>"Diamond", "value"=>"9"}, "8"=>{"suit"=>"Spade", "value"=>"10"}, "9"=>{"suit"=>"Heart", "value"=>"J"}, "10"=>{"suit"=>"Club", "value"=>"Q"}, "11"=>{"suit"=>"Diamond", "value"=>"K"}, "12"=>{"suit"=>"Spade", "value"=>"A"}, "13"=>{"suit"=>"Heart", "value"=>"2"}, "14"=>{"suit"=>"Club", "value"=>"3"}, "15"=>{"suit"=>"Diamond", "value"=>"4"}, "16"=>{"suit"=>"Spade", "value"=>"5"}, "17"=>{"suit"=>"Heart", "value"=>"6"}, "18"=>{"suit"=>"Club", "value"=>"7"}, "19"=>{"suit"=>"Diamond", "value"=>"8"}, "20"=>{"suit"=>"Spade", "value"=>"9"}, "21"=>{"suit"=>"Heart", "value"=>"10"}, "22"=>{"suit"=>"Club", "value"=>"J"}, "23"=>{"suit"=>"Diamond", "value"=>"Q"}, "24"=>{"suit"=>"Spade", "value"=>"K"}, "25"=>{"suit"=>"Heart", "value"=>"A"}, "26"=>{"suit"=>"Club", "value"=>"2"}, "27"=>{"suit"=>"Diamond", "value"=>"3"}, "28"=>{"suit"=>"Spade", "value"=>"4"}, "29"=>{"suit"=>"Heart", "value"=>"5"}, "30"=>{"suit"=>"Club", "value"=>"6"}, "31"=>{"suit"=>"Diamond", "value"=>"7"}, "32"=>{"suit"=>"Spade", "value"=>"8"}, "33"=>{"suit"=>"Heart", "value"=>"9"}, "34"=>{"suit"=>"Club", "value"=>"10"}, "35"=>{"suit"=>"Diamond", "value"=>"J"}, "36"=>{"suit"=>"Spade", "value"=>"Q"}, "37"=>{"suit"=>"Heart", "value"=>"K"}, "38"=>{"suit"=>"Club", "value"=>"A"}, "39"=>{"suit"=>"Diamond", "value"=>"2"}, "40"=>{"suit"=>"Spade", "value"=>"3"}, "41"=>{"suit"=>"Heart", "value"=>"4"}, "42"=>{"suit"=>"Club", "value"=>"5"}, "43"=>{"suit"=>"Diamond", "value"=>"6"}, "44"=>{"suit"=>"Spade", "value"=>"7"}, "45"=>{"suit"=>"Heart", "value"=>"8"}, "46"=>{"suit"=>"Club", "value"=>"9"}, "47"=>{"suit"=>"Diamond", "value"=>"10"}, "48"=>{"suit"=>"Spade", "value"=>"J"}, "49"=>{"suit"=>"Heart", "value"=>"Q"}, "50"=>{"suit"=>"Club", "value"=>"K"}, "51"=>{"suit"=>"Diamond", "value"=>"A"}}}, "commit"=>"Create Deck"}
Redirected to http://localhost:3000/decks/1
Completed 302 Found in 289ms (ActiveRecord: 92.4ms)


Started GET "/decks/1" for 127.0.0.1 at 2013-02-18 16:08:15 +0200
Processing by DecksController#show as HTML
  Parameters: {"id"=>"1"}
  Rendered decks/show.html.erb within layouts/application (19.9ms)
Completed 200 OK in 40ms (Views: 36.1ms | ActiveRecord: 0.9ms)


Started GET "/assets/cards/Heart3-452d275b0a934eb2000011a5edd95aa6.png" for 127.0.0.1 at 2013-02-18 16:08:15 +0200
Served asset /cards/Heart3-452d275b0a934eb2000011a5edd95aa6.png - 200 OK (6ms)


Started GET "/assets/cards/Club4-8d4c34b9d6131bc08d1a1edeb9b74b37.png" for 127.0.0.1 at 2013-02-18 16:08:15 +0200
Served asset /cards/Club4-8d4c34b9d6131bc08d1a1edeb9b74b37.png - 200 OK (4ms)


Started GET "/assets/cards/Diamond5-0432f5e3904b111f4b3f5fb1a3908953.png" for 127.0.0.1 at 2013-02-18 16:08:15 +0200
Served asset /cards/Diamond5-0432f5e3904b111f4b3f5fb1a3908953.png - 200 OK (2ms)


Started GET "/assets/cards/Heart7-64b5aac67c3572e5fda4b01584750599.png" for 127.0.0.1 at 2013-02-18 16:08:15 +0200
Served asset /cards/Heart7-64b5aac67c3572e5fda4b01584750599.png - 200 OK (2ms)


Started GET "/assets/cards/Spade6-14c1bc9f0a56b5d4ee11d4f1388939b4.png" for 127.0.0.1 at 2013-02-18 16:08:15 +0200
Served asset /cards/Spade6-14c1bc9f0a56b5d4ee11d4f1388939b4.png - 200 OK (2ms)


Started GET "/assets/cards/Club8-e2a867602ea4b00fbc4b993b58944322.png" for 127.0.0.1 at 2013-02-18 16:08:15 +0200
Served asset /cards/Club8-e2a867602ea4b00fbc4b993b58944322.png - 200 OK (4ms)


Started GET "/assets/cards/HeartJ-949f43815e38b4f6c180e1a3bb6ac604.png" for 127.0.0.1 at 2013-02-18 16:08:15 +0200
Served asset /cards/HeartJ-949f43815e38b4f6c180e1a3bb6ac604.png - 200 OK (7ms)


Started GET "/assets/cards/Spade2-b92abb3277cf74e5d60cd871c136fc17.png" for 127.0.0.1 at 2013-02-18 16:08:15 +0200
Served asset /cards/Spade2-b92abb3277cf74e5d60cd871c136fc17.png - 200 OK (1ms)


Started GET "/assets/cards/SpadeA-5dd6dab2d18c6c8c011c91d355b442d8.png" for 127.0.0.1 at 2013-02-18 16:08:15 +0200
Served asset /cards/SpadeA-5dd6dab2d18c6c8c011c91d355b442d8.png - 200 OK (1ms)


Started GET "/assets/cards/Diamond9-a8fb23a487b852f838c96c37928211e7.png" for 127.0.0.1 at 2013-02-18 16:08:15 +0200
Served asset /cards/Diamond9-a8fb23a487b852f838c96c37928211e7.png - 200 OK (3ms)


Started GET "/assets/cards/DiamondK-c12f8a7aab1ec835ede5bac3d2e53595.png" for 127.0.0.1 at 2013-02-18 16:08:15 +0200
Served asset /cards/DiamondK-c12f8a7aab1ec835ede5bac3d2e53595.png - 200 OK (1ms)


Started GET "/assets/cards/Spade10-55ef6154cad8a8129df02864a4c71074.png" for 127.0.0.1 at 2013-02-18 16:08:15 +0200
Served asset /cards/Spade10-55ef6154cad8a8129df02864a4c71074.png - 200 OK (1ms)


Started GET "/assets/cards/ClubQ-2e2b1d614e0338a10e3ba4d58716bcd8.png" for 127.0.0.1 at 2013-02-18 16:08:15 +0200
Served asset /cards/ClubQ-2e2b1d614e0338a10e3ba4d58716bcd8.png - 200 OK (1ms)


Started GET "/assets/cards/Heart2-aaa24763d7abf1a7e0fc4166b6df9f28.png" for 127.0.0.1 at 2013-02-18 16:08:15 +0200
Served asset /cards/Heart2-aaa24763d7abf1a7e0fc4166b6df9f28.png - 200 OK (2ms)


Started GET "/assets/cards/Club3-b636b2f40733a48b9612d1fc7e616fbe.png" for 127.0.0.1 at 2013-02-18 16:08:15 +0200
Served asset /cards/Club3-b636b2f40733a48b9612d1fc7e616fbe.png - 200 OK (2ms)


Started GET "/assets/cards/Diamond4-61b9cc07c21726edccfc621a4902f0e8.png" for 127.0.0.1 at 2013-02-18 16:08:15 +0200
Served asset /cards/Diamond4-61b9cc07c21726edccfc621a4902f0e8.png - 200 OK (7ms)


Started GET "/assets/cards/Heart6-8758b0e7218b40653a59f6abc5b9c022.png" for 127.0.0.1 at 2013-02-18 16:08:15 +0200
Served asset /cards/Heart6-8758b0e7218b40653a59f6abc5b9c022.png - 200 OK (1ms)


Started GET "/assets/cards/Club7-951b56a13364bc08f9f0a58d0f0d7faf.png" for 127.0.0.1 at 2013-02-18 16:08:15 +0200
Served asset /cards/Club7-951b56a13364bc08f9f0a58d0f0d7faf.png - 200 OK (3ms)


Started GET "/assets/cards/Spade9-b2e09c2107dff6d1123ce22ab01d15ec.png" for 127.0.0.1 at 2013-02-18 16:08:15 +0200
Served asset /cards/Spade9-b2e09c2107dff6d1123ce22ab01d15ec.png - 200 OK (1ms)


Started GET "/assets/cards/Spade5-a0c208bf89ea2c201ed9c0d0713fc156.png" for 127.0.0.1 at 2013-02-18 16:08:16 +0200
Served asset /cards/Spade5-a0c208bf89ea2c201ed9c0d0713fc156.png - 200 OK (1ms)


Started GET "/assets/cards/Heart10-bd398389dea3544e64b572df19a39fd1.png" for 127.0.0.1 at 2013-02-18 16:08:16 +0200
Served asset /cards/Heart10-bd398389dea3544e64b572df19a39fd1.png - 200 OK (11ms)


Started GET "/assets/cards/Diamond8-40caaa1ba229a0f90651794dd730cbdf.png" for 127.0.0.1 at 2013-02-18 16:08:16 +0200
Served asset /cards/Diamond8-40caaa1ba229a0f90651794dd730cbdf.png - 200 OK (1ms)


Started GET "/assets/cards/DiamondQ-33a09948cc1b1d6fa65f2c6bda9d1fff.png" for 127.0.0.1 at 2013-02-18 16:08:16 +0200
Served asset /cards/DiamondQ-33a09948cc1b1d6fa65f2c6bda9d1fff.png - 200 OK (8ms)


Started GET "/assets/cards/SpadeK-42582d303f310a0f7f8ac1773673032e.png" for 127.0.0.1 at 2013-02-18 16:08:16 +0200
Served asset /cards/SpadeK-42582d303f310a0f7f8ac1773673032e.png - 200 OK (1ms)


Started GET "/assets/cards/Club2-c03e70ff04b4075fc16b3a730ebbaa1f.png" for 127.0.0.1 at 2013-02-18 16:08:16 +0200
Served asset /cards/Club2-c03e70ff04b4075fc16b3a730ebbaa1f.png - 200 OK (5ms)


Started GET "/assets/cards/HeartA-edb8f5ae74d44002bd6988a6fe2f0f02.png" for 127.0.0.1 at 2013-02-18 16:08:16 +0200
Served asset /cards/HeartA-edb8f5ae74d44002bd6988a6fe2f0f02.png - 200 OK (10ms)


Started GET "/assets/cards/Spade4-0b18ef88a3235d1b08b955b905893e43.png" for 127.0.0.1 at 2013-02-18 16:08:16 +0200
Served asset /cards/Spade4-0b18ef88a3235d1b08b955b905893e43.png - 200 OK (2ms)


Started GET "/assets/cards/ClubJ-c5adb6d2e19b7b0cd63f9138c3b4063f.png" for 127.0.0.1 at 2013-02-18 16:08:16 +0200
Served asset /cards/ClubJ-c5adb6d2e19b7b0cd63f9138c3b4063f.png - 200 OK (2ms)


Started GET "/assets/cards/Diamond3-b5e9c92d8c587bbe2ed63c05bb8e43ad.png" for 127.0.0.1 at 2013-02-18 16:08:16 +0200
Served asset /cards/Diamond3-b5e9c92d8c587bbe2ed63c05bb8e43ad.png - 200 OK (56ms)


Started GET "/assets/cards/Heart5-3b76df07f1d35e17cbd2a9698fb6d5c3.png" for 127.0.0.1 at 2013-02-18 16:08:16 +0200
Served asset /cards/Heart5-3b76df07f1d35e17cbd2a9698fb6d5c3.png - 200 OK (2ms)


Started GET "/assets/cards/Spade8-08f7728972824cbab7c5c4f9c54ec222.png" for 127.0.0.1 at 2013-02-18 16:08:16 +0200
Served asset /cards/Spade8-08f7728972824cbab7c5c4f9c54ec222.png - 200 OK (1ms)


Started GET "/assets/cards/Club6-a528571600bef97a47143eb8f0dc5a87.png" for 127.0.0.1 at 2013-02-18 16:08:16 +0200
Served asset /cards/Club6-a528571600bef97a47143eb8f0dc5a87.png - 200 OK (15ms)


Started GET "/assets/cards/Heart9-e0a7ff1d3628dfabf4298bfaea367cf5.png" for 127.0.0.1 at 2013-02-18 16:08:16 +0200
Served asset /cards/Heart9-e0a7ff1d3628dfabf4298bfaea367cf5.png - 200 OK (1ms)


Started GET "/assets/cards/Diamond7-1682101e074d0d7da81bcb460bd79704.png" for 127.0.0.1 at 2013-02-18 16:08:16 +0200
Served asset /cards/Diamond7-1682101e074d0d7da81bcb460bd79704.png - 200 OK (2ms)


Started GET "/assets/cards/Club10-4aad462e48fd77c0d7e1389fadc2979e.png" for 127.0.0.1 at 2013-02-18 16:08:16 +0200
Served asset /cards/Club10-4aad462e48fd77c0d7e1389fadc2979e.png - 200 OK (14ms)


Started GET "/assets/cards/SpadeQ-a5cce65b3444a58b3a44aef74af2d112.png" for 127.0.0.1 at 2013-02-18 16:08:16 +0200
Served asset /cards/SpadeQ-a5cce65b3444a58b3a44aef74af2d112.png - 200 OK (1ms)


Started GET "/assets/cards/ClubA-3a6aaff26d0bf79aef4084bfe460d2b4.png" for 127.0.0.1 at 2013-02-18 16:08:16 +0200
Served asset /cards/ClubA-3a6aaff26d0bf79aef4084bfe460d2b4.png - 200 OK (3ms)


Started GET "/assets/cards/DiamondJ-94d23a3be69d8b2a1aca3667ce4a81f8.png" for 127.0.0.1 at 2013-02-18 16:08:16 +0200
Served asset /cards/DiamondJ-94d23a3be69d8b2a1aca3667ce4a81f8.png - 200 OK (4ms)


Started GET "/assets/cards/HeartK-f6a612dce47ff095bf4b8e9c17a30f76.png" for 127.0.0.1 at 2013-02-18 16:08:16 +0200
Served asset /cards/HeartK-f6a612dce47ff095bf4b8e9c17a30f76.png - 200 OK (2ms)


Started GET "/assets/cards/Diamond2-01a0cde05517d83a09050df1059f5f07.png" for 127.0.0.1 at 2013-02-18 16:08:16 +0200
Served asset /cards/Diamond2-01a0cde05517d83a09050df1059f5f07.png - 200 OK (1ms)


Started GET "/assets/cards/Spade3-c10fb09c3076404f11e21efa21ee1b0a.png" for 127.0.0.1 at 2013-02-18 16:08:16 +0200
Served asset /cards/Spade3-c10fb09c3076404f11e21efa21ee1b0a.png - 200 OK (3ms)


Started GET "/assets/cards/Diamond6-a6b077e06798b57996ce4d16fa768762.png" for 127.0.0.1 at 2013-02-18 16:08:17 +0200
Served asset /cards/Diamond6-a6b077e06798b57996ce4d16fa768762.png - 200 OK (5ms)


Started GET "/assets/cards/Club5-58acd77ea1b9f71df23c56e044c2b7a0.png" for 127.0.0.1 at 2013-02-18 16:08:17 +0200
Served asset /cards/Club5-58acd77ea1b9f71df23c56e044c2b7a0.png - 200 OK (2ms)


Started GET "/assets/cards/Spade7-90327db62bbf2b59ca3e45c1498442dd.png" for 127.0.0.1 at 2013-02-18 16:08:17 +0200
Served asset /cards/Spade7-90327db62bbf2b59ca3e45c1498442dd.png - 200 OK (3ms)


Started GET "/assets/cards/Heart8-a7f3c1cdc66fe5368505bbd7094a3a55.png" for 127.0.0.1 at 2013-02-18 16:08:17 +0200
Served asset /cards/Heart8-a7f3c1cdc66fe5368505bbd7094a3a55.png - 200 OK (2ms)


Started GET "/assets/cards/Heart4-faead4b3cea2f67deb2095779a736d98.png" for 127.0.0.1 at 2013-02-18 16:08:17 +0200
Served asset /cards/Heart4-faead4b3cea2f67deb2095779a736d98.png - 200 OK (3ms)


Started GET "/assets/cards/Club9-a9ee17e1fe2a37f5aea44efe83d4878b.png" for 127.0.0.1 at 2013-02-18 16:08:17 +0200
Served asset /cards/Club9-a9ee17e1fe2a37f5aea44efe83d4878b.png - 200 OK (7ms)


Started GET "/assets/cards/SpadeJ-46723178e49d9e1db5eccbcd178cc7cc.png" for 127.0.0.1 at 2013-02-18 16:08:17 +0200
Served asset /cards/SpadeJ-46723178e49d9e1db5eccbcd178cc7cc.png - 200 OK (2ms)


Started GET "/assets/cards/Diamond10-03b4769f383830b82bdcb945274695a7.png" for 127.0.0.1 at 2013-02-18 16:08:17 +0200
Served asset /cards/Diamond10-03b4769f383830b82bdcb945274695a7.png - 200 OK (3ms)


Started GET "/assets/cards/HeartQ-949690dd3ad94ce4e3e6c2766640fc3c.png" for 127.0.0.1 at 2013-02-18 16:08:17 +0200
Served asset /cards/HeartQ-949690dd3ad94ce4e3e6c2766640fc3c.png - 200 OK (16ms)


Started GET "/assets/cards/ClubK-274f95f966b92fbca444d18b049fd1b5.png" for 127.0.0.1 at 2013-02-18 16:08:17 +0200
Served asset /cards/ClubK-274f95f966b92fbca444d18b049fd1b5.png - 200 OK (2ms)


Started GET "/assets/cards/DiamondA-425b347bf97d04446f170ba090a8fa12.png" for 127.0.0.1 at 2013-02-18 16:08:17 +0200
Served asset /cards/DiamondA-425b347bf97d04446f170ba090a8fa12.png - 200 OK (7ms)


Started GET "/decks" for 127.0.0.1 at 2013-02-18 16:08:20 +0200
Processing by DecksController#index as HTML
  Rendered decks/index.html.erb within layouts/application (30.4ms)
Completed 200 OK in 37ms (Views: 33.9ms | ActiveRecord: 1.3ms)
